2024.09.10 00:37:55 INFO  Started: Metals version 1.3.5 in folders 'C:\talleres-pfc-template' for client Visual Studio Code 1.93.0.
SLF4J(W): Class path contains multiple SLF4J providers.
SLF4J(W): Found provider [scribe.slf4j.ScribeServiceProvider@3bb24be6]
SLF4J(W): Found provider [ch.qos.logback.classic.spi.LogbackServiceProvider@4ba665f9]
SLF4J(W): See https://www.slf4j.org/codes.html#multiple_bindings for an explanation.
SLF4J(I): Actual provider is of type [scribe.slf4j.ScribeServiceProvider@3bb24be6]
2024.09.10 00:37:57 WARN  Flyway upgrade recommended: H2 2.3.230 is newer than this version of Flyway and support has not been tested. The latest supported version of H2 is 2.2.220.
2024.09.10 00:38:00 INFO  Shutting down server
2024.09.10 00:38:00 INFO  shutting down Metals
2024.09.10 00:38:00 INFO  Exiting server
2024.09.10 00:38:30 INFO  Started: Metals version 1.3.5 in folders 'C:\talleres-pfc-template' for client Visual Studio Code 1.93.0.
SLF4J(W): Class path contains multiple SLF4J providers.
SLF4J(W): Found provider [scribe.slf4j.ScribeServiceProvider@32dc0e60]
SLF4J(W): Found provider [ch.qos.logback.classic.spi.LogbackServiceProvider@73298f90]
SLF4J(W): See https://www.slf4j.org/codes.html#multiple_bindings for an explanation.
SLF4J(I): Actual provider is of type [scribe.slf4j.ScribeServiceProvider@32dc0e60]
2024.09.10 00:38:37 WARN  Flyway upgrade recommended: H2 2.3.230 is newer than this version of Flyway and support has not been tested. The latest supported version of H2 is 2.2.220.
sep. 10, 2024 12:38:40 A. M. org.eclipse.lsp4j.jsonrpc.RemoteEndpoint handleCancellation
WARNING: Unmatched cancel notification for request id 8
sep. 10, 2024 12:38:40 A. M. org.eclipse.lsp4j.jsonrpc.RemoteEndpoint handleCancellation
WARNING: Unmatched cancel notification for request id 9
2024.09.10 00:38:40 INFO  no build target found for C:\talleres-pfc-template\app\src\main\scala\taller\BuscarLista.scala. Using presentation compiler with project's scala-library version: 3.3.3
